<?xml version="1.0" encoding="UTF-8"?>
<!-- Generated by org.testng.reporters.JUnitReportReporter -->
<testsuite hostname="inlen8520017327" failures="0" tests="11" name="runner.MyRunner" time="337.777" errors="0" timestamp="2022-03-14T12:03:51 IST" skipped="0">
  <testcase classname="runner.MyRunner" name="runScenario" time="29.337"/>
  <system-out/>
  <testcase classname="runner.MyRunner" name="runScenario" time="29.142"/>
  <system-out/>
  <testcase classname="runner.MyRunner" name="runScenario" time="29.212"/>
  <system-out/>
  <testcase classname="runner.MyRunner" name="runScenario" time="32.514"/>
  <system-out/>
  <testcase classname="runner.MyRunner" name="runScenario" time="29.716"/>
  <system-out/>
  <testcase classname="runner.MyRunner" name="runScenario" time="35.642"/>
  <system-out/>
  <testcase classname="runner.MyRunner" name="runScenario" time="30.634"/>
  <system-out/>
  <testcase classname="runner.MyRunner" name="runScenario" time="32.163"/>
  <system-out/>
  <testcase classname="runner.MyRunner" name="runScenario" time="29.587"/>
  <system-out/>
  <testcase classname="runner.MyRunner" name="runScenario" time="29.940"/>
  <system-out/>
  <testcase classname="runner.MyRunner" name="runScenario" time="29.890"/>
  <system-out/>
</testsuite> <!-- runner.MyRunner -->
