<?xml version="1.0" encoding="UTF-8"?>
<!-- Generated by org.testng.reporters.JUnitReportReporter -->
<testsuite hostname="inlen8520017327" failures="0" tests="2" name="Tests.Appointments" time="60.972" errors="0" timestamp="2022-03-14T10:26:02 IST" skipped="0">
  <testcase classname="Tests.Appointments" name="NavigatetoSpecialitiesPage" time="31.876"/>
  <system-out/>
  <testcase classname="Tests.Appointments" name="VerifyFunctionalityofMeetInPersonbutton" time="29.096"/>
  <system-out/>
</testsuite> <!-- Tests.Appointments -->
